<?xml version="1.0" encoding="UTF-8"?>
<testsuite xmlns:xsi="http://www.w3.org/2001/XMLSchema-instance" xsi:noNamespaceSchemaLocation="https://maven.apache.org/surefire/maven-surefire-plugin/xsd/surefire-test-report.xsd" name="week3_calculator.validator.ValidatorTest" time="0.016" tests="5" errors="0" skipped="0" failures="0">
  <properties>
[...]
</properties>
  <testcase name="test[0]" classname="week3_calculator.validator.ValidatorTest" time="0"/>
  <testcase name="test[1]" classname="week3_calculator.validator.ValidatorTest" time="0"/>
  <testcase name="test[2]" classname="week3_calculator.validator.ValidatorTest" time="0"/>
  <testcase name="test[3]" classname="week3_calculator.validator.ValidatorTest" time="0"/>
  <testcase name="test[4]" classname="week3_calculator.validator.ValidatorTest" time="0"/>
</testsuite>